app/build/intermediates/manifest_merge_blame_file/debug/manifest-merger-blame-debug-report.txt
1<?xml version="1.0" encoding="utf-8"?>
2<manifest xmlns:android="http://schemas.android.com/apk/res/android"
3    package="com.example.shivam.project1"
4    android:versionCode="1"
5    android:versionName="1.0" >
6
7    <uses-sdk
8        android:minSdkVersion="22"
8-->src\main\AndroidManifest.xml
9        android:targetSdkVersion="28" />
9-->src\main\AndroidManifest.xml
10
11    <uses-permission android:name="android.permission.SEND_SMS" />
11-->src\main\AndroidManifest.xml:6:5-67
11-->src\main\AndroidManifest.xml:6:22-64
12    <uses-permission android:name="android.permission.READ_SMS" />
12-->src\main\AndroidManifest.xml:7:5-67
12-->src\main\AndroidManifest.xml:7:22-64
13    <uses-permission android:name="android.permission.READ_PHONE_STATE" />
13-->src\main\AndroidManifest.xml:8:5-75
13-->src\main\AndroidManifest.xml:8:22-72
14    <uses-permission android:name="android.permission.VIBRATE" />
14-->src\main\AndroidManifest.xml:9:5-66
14-->src\main\AndroidManifest.xml:9:22-63
15    <uses-permission android:name="android.permission.ACCESS_FINE_LOCATION" />
15-->src\main\AndroidManifest.xml:10:5-79
15-->src\main\AndroidManifest.xml:10:22-76
16    <uses-permission android:name="android.permission.ACCESS_WIFI_STATE" />
16-->[com.google.android.libraries.places:places:2.1.0] AndroidManifest.xml:10:5-76
16-->[com.google.android.libraries.places:places:2.1.0] AndroidManifest.xml:10:22-73
17    <uses-permission android:name="android.permission.INTERNET" /> <!-- Include required permissions for Google Maps API to run. -->
17-->[com.google.android.libraries.places:places:2.1.0] AndroidManifest.xml:11:5-67
17-->[com.google.android.libraries.places:places:2.1.0] AndroidManifest.xml:11:22-64
18    <uses-permission android:name="android.permission.ACCESS_NETWORK_STATE" />
18-->[com.google.android.gms:play-services-maps:17.0.0] AndroidManifest.xml:23:5-79
18-->[com.google.android.gms:play-services-maps:17.0.0] AndroidManifest.xml:23:22-76
19
20    <uses-feature
20-->[com.google.android.gms:play-services-maps:17.0.0] AndroidManifest.xml:26:5-28:35
21        android:glEsVersion="0x00020000"
21-->[com.google.android.gms:play-services-maps:17.0.0] AndroidManifest.xml:27:9-41
22        android:required="true" />
22-->[com.google.android.gms:play-services-maps:17.0.0] AndroidManifest.xml:28:9-32
23
24    <application
24-->src\main\AndroidManifest.xml:12:5-41:19
25        android:allowBackup="true"
25-->src\main\AndroidManifest.xml:13:9-35
26        android:appComponentFactory="androidx.core.app.CoreComponentFactory"
26-->[androidx.core:core:1.1.0] AndroidManifest.xml:24:18-86
27        android:debuggable="true"
28        android:icon="@mipmap/ic_launcher"
28-->src\main\AndroidManifest.xml:14:9-43
29        android:label="Safe App"
29-->src\main\AndroidManifest.xml:15:9-33
30        android:roundIcon="@mipmap/ic_launcher_round"
30-->src\main\AndroidManifest.xml:16:9-54
31        android:supportsRtl="true"
31-->src\main\AndroidManifest.xml:17:9-35
32        android:testOnly="true"
33        android:theme="@style/AppTheme" >
33-->src\main\AndroidManifest.xml:18:9-40
34        <meta-data
34-->src\main\AndroidManifest.xml:24:9-26:71
35            android:name="com.google.android.geo.API_KEY"
35-->src\main\AndroidManifest.xml:25:13-58
36            android:value="AIzaSyD3_x8LFqGJhkWZBba-miMGID2m-tnuNiI" />
36-->src\main\AndroidManifest.xml:26:13-68
37
38        <activity
38-->src\main\AndroidManifest.xml:28:9-36:20
39            android:name="com.example.shivam.project1.register"
39-->src\main\AndroidManifest.xml:29:13-37
40            android:theme="@style/NoActionBarTheme" >
40-->src\main\AndroidManifest.xml:30:13-52
41            <intent-filter>
41-->src\main\AndroidManifest.xml:31:13-35:29
42                <action android:name="android.intent.action.MAIN" />
42-->src\main\AndroidManifest.xml:32:17-69
42-->src\main\AndroidManifest.xml:32:25-66
43
44                <category android:name="android.intent.category.LAUNCHER" />
44-->src\main\AndroidManifest.xml:34:17-77
44-->src\main\AndroidManifest.xml:34:27-74
45            </intent-filter>
46        </activity>
47        <activity android:name="com.example.shivam.project1.details" />
47-->src\main\AndroidManifest.xml:37:9-45
47-->src\main\AndroidManifest.xml:37:19-42
48        <activity
48-->src\main\AndroidManifest.xml:38:9-39:58
49            android:name="com.example.shivam.project1.MainActivity"
49-->src\main\AndroidManifest.xml:38:19-47
50            android:theme="@style/AppTheme.NoActionBar" />
50-->src\main\AndroidManifest.xml:39:13-56
51        <activity
51-->[com.google.android.libraries.places:places:2.1.0] AndroidManifest.xml:14:9-20:20
52            android:name="com.google.android.libraries.places.widget.AutocompleteActivity"
52-->[com.google.android.libraries.places:places:2.1.0] AndroidManifest.xml:15:13-91
53            android:exported="false"
53-->[com.google.android.libraries.places:places:2.1.0] AndroidManifest.xml:16:13-37
54            android:label="@string/places_autocomplete_label"
54-->[com.google.android.libraries.places:places:2.1.0] AndroidManifest.xml:17:13-62
55            android:theme="@style/PlacesAutocompleteOverlay"
55-->[com.google.android.libraries.places:places:2.1.0] AndroidManifest.xml:18:13-61
56            android:windowSoftInputMode="adjustResize" >
56-->[com.google.android.libraries.places:places:2.1.0] AndroidManifest.xml:19:13-55
57        </activity> <!-- Needs to be explicitly declared on P+ -->
58        <uses-library
58-->[com.google.android.gms:play-services-maps:17.0.0] AndroidManifest.xml:33:9-35:40
59            android:name="org.apache.http.legacy"
59-->[com.google.android.gms:play-services-maps:17.0.0] AndroidManifest.xml:34:13-50
60            android:required="false" />
60-->[com.google.android.gms:play-services-maps:17.0.0] AndroidManifest.xml:35:13-37
61
62        <activity
62-->[com.google.firebase:firebase-auth:19.2.0] AndroidManifest.xml:24:9-31:50
63            android:name="com.google.firebase.auth.internal.FederatedSignInActivity"
63-->[com.google.firebase:firebase-auth:19.2.0] AndroidManifest.xml:25:13-85
64            android:excludeFromRecents="true"
64-->[com.google.firebase:firebase-auth:19.2.0] AndroidManifest.xml:26:13-46
65            android:exported="true"
65-->[com.google.firebase:firebase-auth:19.2.0] AndroidManifest.xml:27:13-36
66            android:launchMode="singleTask"
66-->[com.google.firebase:firebase-auth:19.2.0] AndroidManifest.xml:28:13-44
67            android:permission="com.google.firebase.auth.api.gms.permission.LAUNCH_FEDERATED_SIGN_IN"
67-->[com.google.firebase:firebase-auth:19.2.0] AndroidManifest.xml:29:13-102
68            android:theme="@android:style/Theme.Translucent.NoTitleBar" />
68-->[com.google.firebase:firebase-auth:19.2.0] AndroidManifest.xml:30:13-72
69
70        <service
70-->[com.google.firebase:firebase-auth:19.2.0] AndroidManifest.xml:33:9-39:19
71            android:name="com.google.firebase.components.ComponentDiscoveryService"
71-->[com.google.firebase:firebase-auth:19.2.0] AndroidManifest.xml:34:13-84
72            android:directBootAware="true"
72-->[com.google.firebase:firebase-common:19.3.0] AndroidManifest.xml:34:13-43
73            android:exported="false" >
73-->[com.google.firebase:firebase-auth:19.2.0] AndroidManifest.xml:35:13-37
74            <meta-data
74-->[com.google.firebase:firebase-auth:19.2.0] AndroidManifest.xml:36:13-38:85
75                android:name="com.google.firebase.components:com.google.firebase.auth.FirebaseAuthRegistrar"
75-->[com.google.firebase:firebase-auth:19.2.0] AndroidManifest.xml:37:17-109
76                android:value="com.google.firebase.components.ComponentRegistrar" />
76-->[com.google.firebase:firebase-auth:19.2.0] AndroidManifest.xml:38:17-82
77            <meta-data
77-->[com.google.firebase:firebase-firestore:21.4.0] AndroidManifest.xml:20:13-22:85
78                android:name="com.google.firebase.components:com.google.firebase.firestore.FirestoreRegistrar"
78-->[com.google.firebase:firebase-firestore:21.4.0] AndroidManifest.xml:21:17-111
79                android:value="com.google.firebase.components.ComponentRegistrar" />
79-->[com.google.firebase:firebase-firestore:21.4.0] AndroidManifest.xml:22:17-82
80        </service>
81
82        <activity
82-->[com.google.android.gms:play-services-base:17.1.0] AndroidManifest.xml:23:9-26:75
83            android:name="com.google.android.gms.common.api.GoogleApiActivity"
83-->[com.google.android.gms:play-services-base:17.1.0] AndroidManifest.xml:24:13-79
84            android:exported="false"
84-->[com.google.android.gms:play-services-base:17.1.0] AndroidManifest.xml:25:13-37
85            android:theme="@android:style/Theme.Translucent.NoTitleBar" />
85-->[com.google.android.gms:play-services-base:17.1.0] AndroidManifest.xml:26:13-72
86
87        <provider
87-->[com.google.firebase:firebase-common:19.3.0] AndroidManifest.xml:26:9-30:39
88            android:name="com.google.firebase.provider.FirebaseInitProvider"
88-->[com.google.firebase:firebase-common:19.3.0] AndroidManifest.xml:27:13-77
89            android:authorities="com.example.shivam.project1.firebaseinitprovider"
89-->[com.google.firebase:firebase-common:19.3.0] AndroidManifest.xml:28:13-72
90            android:exported="false"
90-->[com.google.firebase:firebase-common:19.3.0] AndroidManifest.xml:29:13-37
91            android:initOrder="100" />
91-->[com.google.firebase:firebase-common:19.3.0] AndroidManifest.xml:30:13-36
92
93        <meta-data
93-->[com.google.android.gms:play-services-basement:17.0.0] AndroidManifest.xml:23:9-25:69
94            android:name="com.google.android.gms.version"
94-->[com.google.android.gms:play-services-basement:17.0.0] AndroidManifest.xml:24:13-58
95            android:value="@integer/google_play_services_version" />
95-->[com.google.android.gms:play-services-basement:17.0.0] AndroidManifest.xml:25:13-66
96
97        <provider
97-->[androidx.lifecycle:lifecycle-process:2.1.0] AndroidManifest.xml:23:9-27:43
98            android:name="androidx.lifecycle.ProcessLifecycleOwnerInitializer"
98-->[androidx.lifecycle:lifecycle-process:2.1.0] AndroidManifest.xml:24:13-79
99            android:authorities="com.example.shivam.project1.lifecycle-process"
99-->[androidx.lifecycle:lifecycle-process:2.1.0] AndroidManifest.xml:25:13-69
100            android:exported="false"
100-->[androidx.lifecycle:lifecycle-process:2.1.0] AndroidManifest.xml:26:13-37
101            android:multiprocess="true" />
101-->[androidx.lifecycle:lifecycle-process:2.1.0] AndroidManifest.xml:27:13-40
102    </application>
103
104</manifest>